futuregame_sdk/app/proguard-rules.pro
# Add project specific ProGuard rules here.
# By default, the flags in this file are appended to flags specified
# in /Users/tp6gl4cj86/adt-bundle-mac-x86_64-20131030/sdk/tools/proguard/proguard-android.txt
# You can edit the include path and order by changing the proguardFiles
# directive in build.gradle.
#
# For more details, see
#   http://developer.android.com/guide/developing/tools/proguard.html

# Add any project specific keep options here:

# If your project uses WebView with JS, uncomment the following
# and specify the fully qualified class name to the JavaScript interface
# class:
#-keepclassmembers class fqcn.of.javascript.interface.for.webview {
#   public *;
#}

#keep class
#-keepclasseswithmembernames class * {
#     public <methods>;
#}
#-keep interface *{
#    <methods>;
#}

# 保留 func params name
-keepparameternames

##---------------Begin: EventBus ----------
-keepattributes *Annotation*
-keepclassmembers class * {
    @org.greenrobot.eventbus.Subscribe <methods>;
}
-keep enum org.greenrobot.eventbus.ThreadMode { *; }

# And if you use AsyncExecutor:
-keepclassmembers class * extends org.greenrobot.eventbus.util.ThrowableFailureEvent {
    <init>(java.lang.Throwable);
}
##---------------End: EventBus ----------


##---------------Begin: Android Image Cropper ----------
-keep class android.support.v7.widget.** { *; }
##---------------End: Android Image Cropper ----------


##---------------Begin: OkHttp ----------
-keepattributes Signature
-keepattributes *Annotation*
-keep class com.squareup.okhttp.** { *; }
-keep interface com.squareup.okhttp.** { *; }
-dontwarn com.squareup.okhttp.**
##---------------End: OkHttp ----------


##---------------Begin: Sugar ----------
#-keep class com.yourpackage.yourapp.domainclasspackage.** { *; }
##---------------End: Sugar ----------


##---------------Begin: Fresco ----------
# Keep our interfaces so they can be used by other ProGuard rules.
# See http://sourceforge.net/p/proguard/bugs/466/
-keep,allowobfuscation @interface com.facebook.common.internal.DoNotStrip

# Do not strip any method/class that is annotated with @DoNotStrip
-keep @com.facebook.common.internal.DoNotStrip class *
-keepclassmembers class * {
    @com.facebook.common.internal.DoNotStrip *;
}

# Keep native methods
-keepclassmembers class * {
    native <methods>;
}

-dontwarn okio.**
-dontwarn com.squareup.okhttp.**
-dontwarn okhttp3.**
-dontwarn javax.annotation.**
-dontwarn com.android.volley.toolbox.**
##---------------End: Fresco ----------


##---------------Begin: Crashlytics ----------
-keepattributes SourceFile,LineNumberTable,*Annotation*
-keep public class * extends java.lang.Exception
-printmapping mapping.txt
-keep class com.crashlytics.** { *; }
-keep class com.crashlytics.android.**
##---------------End: Crashlytics ----------


##---------------Begin: Roundedimageview ----------
-dontwarn com.squareup.picasso.**
##---------------End: Roundedimageview ----------


##---------------Begin: Vitamio ----------
-keep public class io.vov.vitamio.MediaPlayer { *; }
-keep public class io.vov.vitamio.IMediaScannerService { *; }
-keep public class io.vov.vitamio.MediaScanner { *; }
-keep public class io.vov.vitamio.MediaScannerClient { *; }
-keep public class io.vov.vitamio.VitamioLicense { *; }
-keep public class io.vov.vitamio.Vitamio { *; }
-keep public class io.vov.vitamio.MediaMetadataRetriever { *; }
##---------------End: Vitamio ----------


##---------------Begin: Google ----------
-dontwarn com.google.**
-keep class com.google.android.gms.maps.** { *; }
-keep interface com.google.android.gms.maps.** { *; }

-keep class com.google.android.gms.** { *; }
-dontwarn com.google.android.gms.**
##---------------End: Google ----------


##---------------Begin: Butterknife ----------
# Retain generated class which implement Unbinder.
-keep public class * implements butterknife.Unbinder { public <init>(...); }

# Prevent obfuscation of types which use ButterKnife annotations since the simple name
# is used to reflectively look up the generated ViewBinding.
-keep class butterknife.*
-keepclasseswithmembernames class * { @butterknife.* <methods>; }
-keepclasseswithmembernames class * { @butterknife.* <fields>; }
##---------------End: Butterknife ----------


##---------------Begin: Renderscript ----------
-dontwarn android.support.v8.**
-keep class android.support.v8.renderscript.** { *; }
##---------------End: Renderscript ----------


##---------------Begin: Kotlin ----------
-keep class kotlin.** { *; }
-keep class kotlin.Metadata { *; }
-dontwarn kotlin.**
-keepclassmembers class **$WhenMappings {
    <fields>;
}
-keepclassmembers class kotlin.Metadata {
    public <fields>;
    public <methods>;
}
-keepclassmembers class * {
    static final % *;
    static final java.lang.String *;
}
-assumenosideeffects class kotlin.jvm.internal.Intrinsics {
    static void checkParameterIsNotNull(java.lang.Object, java.lang.String);
}
##---------------End: Kotlin ----------


##---------------Begin: proguard configuration common for all Android apps ----------
-optimizationpasses 5
-dontusemixedcaseclassnames
-dontskipnonpubliclibraryclasses
-dontskipnonpubliclibraryclassmembers
-dontpreverify
-verbose
-dump class_files.txt
-printseeds seeds.txt
-printusage unused.txt
-printmapping mapping.txt
-optimizations !code/simplification/arithmetic,!field/*,!class/merging/*

-allowaccessmodification
-keepattributes *Annotation*
-renamesourcefileattribute SourceFile
-keepattributes SourceFile,LineNumberTable
-repackageclasses ''

-keep public class * extends android.app.Activity
-keep public class * extends android.app.Application
-keep public class * extends android.app.Service
-keep public class * extends android.content.BroadcastReceiver
-keep public class * extends android.content.ContentProvider
-keep public class * extends android.app.backup.BackupAgentHelper
-keep public class * extends android.preference.Preference
-keep public class com.android.vending.licensing.ILicensingService
-dontnote com.android.vending.licensing.ILicensingService

# Explicitly preserve all serialization members. The Serializable interface
# is only a marker interface, so it wouldn't save them.
-keepclassmembers class * implements java.io.Serializable {
    static final long serialVersionUID;
    private static final java.io.ObjectStreamField[] serialPersistentFields;
    private void writeObject(java.io.ObjectOutputStream);
    private void readObject(java.io.ObjectInputStream);
    java.lang.Object writeReplace();
    java.lang.Object readResolve();
}

# Preserve all native method names and the names of their classes.
-keepclasseswithmembernames class * {
    native <methods>;
}

-keepclasseswithmembernames class * {
    public <init>(android.content.Context, android.util.AttributeSet);
}

-keepclasseswithmembernames class * {
    public <init>(android.content.Context, android.util.AttributeSet, int);
}

# Preserve static fields of inner classes of R classes that might be accessed
# through introspection.
-keepclassmembers class **.R$* {
  public static <fields>;
}

# Preserve the special static methods that are required in all enumeration classes.
-keepclassmembers enum * {
    public static **[] values();
    public static ** valueOf(java.lang.String);
}

-keep public class * {
    public protected *;
}

-keep class * implements android.os.Parcelable {
  public static final android.os.Parcelable$Creator *;
}
##---------------End: proguard configuration common for all Android apps ----------

##---------------Begin: proguard configuration for Gson  ----------
# Gson uses generic type information stored in a class file when working with fields. Proguard
# removes such information by default, so configure it to keep all of it.
-keepattributes Signature

# Gson specific classes
-keep class sun.misc.Unsafe { *; }
#-keep class com.google.gson.stream.** { *; }

# Application classes that will be serialized/deserialized over Gson
-keep class com.google.gson.examples.android.model.** { *; }

##---------------End: proguard configuration for Gson  ----------