futuregame_sdk/app/seeds.txt
com.futuregame.sdk.R$color: int abc_search_url_text
com.futuregame.sdk.R$id: int parentPanel
com.futuregame.sdk.R$styleable: int ConstraintLayout_Layout_android_elevation
com.futuregame.sdk.R$styleable: int MotionTelltales_telltales_tailScale
com.futuregame.sdk.R$styleable: int AppCompatTheme_tooltipFrameBackground
com.futuregame.sdk.R$attr: int endIconDrawable
com.futuregame.sdk.R$styleable: int Constraint_layout_constraintGuide_begin
com.futuregame.sdk.R$attr: int maxLines
com.futuregame.sdk.R$style: int TextAppearance_AppCompat_Widget_Button_Colored
com.futuregame.sdk.R$styleable: int Constraint_pathMotionArc
com.futuregame.sdk.R$attr: int cardPreventCornerOverlap
com.futuregame.sdk.R$styleable: int ConstraintLayout_Layout_android_maxHeight
com.futuregame.sdk.R$layout: int test_toolbar_custom_background
com.futuregame.sdk.R$styleable: int MenuItem_android_alphabeticShortcut
com.futuregame.sdk.R$animator
com.futuregame.sdk.R$color: int design_dark_default_color_on_secondary
com.futuregame.sdk.R$attr: int actionButtonStyle
com.futuregame.sdk.R$styleable: int[] SwipeRefreshLayout
com.futuregame.sdk.R$attr: int layout_constraintCircle
com.futuregame.sdk.R$styleable: int Toolbar_navigationContentDescription
com.futuregame.sdk.R$id: int decelerate
com.futuregame.sdk.R$style: int Theme_MaterialComponents_CompactMenu
com.futuregame.sdk.R$attr: int buttonBarNeutralButtonStyle
com.futuregame.sdk.R$string: int mtrl_picker_range_header_selected
com.futuregame.sdk.R$styleable: int ConstraintSet_android_layout_width
com.futuregame.sdk.R$style: int Theme_MaterialComponents_DayNight_BottomSheetDialog
com.futuregame.sdk.R$styleable: int PopupWindow_android_popupAnimationStyle
com.futuregame.sdk.R$attr: int searchHintIcon
com.futuregame.sdk.R$styleable: int TextInputLayout_endIconTint
com.futuregame.sdk.R$anim: int abc_popup_enter
com.futuregame.sdk.R$attr: int endIconTintMode
com.futuregame.sdk.R$styleable: int Constraint_android_minWidth
com.futuregame.sdk.R$attr: int layout_constraintGuide_begin
com.futuregame.sdk.R$color: int ripple_material_dark
com.futuregame.sdk.R$string: int abc_menu_function_shortcut_label
com.futuregame.sdk.R$attr: int fontProviderPackage
com.futuregame.sdk.R$styleable: int ActionBar_backgroundSplit
com.futuregame.sdk.R$styleable: int[] MotionHelper
com.futuregame.sdk.R$styleable: int ConstraintLayout_Layout_layout_constraintWidth_default
com.futuregame.sdk.R$drawable: int com_facebook_button_icon
com.futuregame.sdk.R$attr: int showDividers
com.futuregame.sdk.R$attr: int collapsedTitleTextAppearance
com.futuregame.sdk.R$dimen: int subtitle_corner_radius
com.futuregame.sdk.R$id: int action_bar_root
com.futuregame.sdk.R$styleable: int[] AppCompatTextView
com.futuregame.sdk.R$styleable: int SnackbarLayout_elevation
com.futuregame.sdk.R$attr: int chipSpacingVertical
com.futuregame.sdk.R$styleable: int View_paddingEnd
com.futuregame.sdk.R$id: int text
com.futuregame.sdk.R$attr: int onCross
com.futuregame.sdk.R$styleable: int Constraint_android_layout_marginLeft
com.futuregame.sdk.R$styleable: int SignInButton_buttonSize
com.futuregame.sdk.R$attr: int collapsedTitleGravity
com.futuregame.sdk.R$attr: int listPreferredItemHeight
com.futuregame.sdk.R$attr: int actionBarSplitStyle
com.futuregame.sdk.R$styleable: int ConstraintSet_android_minHeight
com.futuregame.sdk.R$attr: int editTextColor
com.futuregame.sdk.R$styleable: int Badge_verticalOffset
com.futuregame.sdk.R$styleable: int Constraint_android_translationZ
com.futuregame.sdk.R$dimen: int abc_action_bar_overflow_padding_start_material
com.futuregame.sdk.R$attr: int paddingRightSystemWindowInsets
com.futuregame.sdk.Singleton: java.lang.ref.WeakReference access$getActivity$p(com.futuregame.sdk.Singleton)
com.futuregame.sdk.R$color: int material_grey_800
com.futuregame.sdk.R$attr: int numericModifiers
com.futuregame.sdk.R$attr: int listChoiceBackgroundIndicator
com.futuregame.sdk.FutureGameActivity
com.futuregame.sdk.R$attr: int haloColor
...
io.michaelrocks.paranoid.Deobfuscator$app$Release
io.michaelrocks.paranoid.Deobfuscator$app$Release: java.lang.String getString(long)
io.michaelrocks.paranoid.Deobfuscator$app$Release: Deobfuscator$app$Release()