futuregame_sdk/app/mapping.txt
# compiler: R8
# compiler_version: 2.0.88
# pg_map_id: ad51f05
# common_typos_disable
com.futuregame.sdk.BuildConfig -> com.futuregame.sdk.BuildConfig:
    1:1:void <init>():6:6 -> <init>
com.futuregame.sdk.FloatingView -> com.futuregame.sdk.FloatingView:
    kotlin.Lazy windowView$delegate -> b
    kotlin.Lazy mLayoutParams$delegate -> c
    kotlin.Lazy windowManager$delegate -> a
    1:52:void <init>(android.app.Activity):10:61 -> <init>
    1:1:android.view.WindowManager$LayoutParams getMLayoutParams():0:0 -> access$getMLayoutParams$p
    1:1:android.view.WindowManager$LayoutParams access$getMLayoutParams$p(com.futuregame.sdk.FloatingView):10 -> access$getMLayoutParams$p
    1:1:android.view.WindowManager getWindowManager():0:0 -> access$getWindowManager$p
    1:1:android.view.WindowManager access$getWindowManager$p(com.futuregame.sdk.FloatingView):10 -> access$getWindowManager$p
    1:1:android.view.View getWindowView():0:0 -> showFloatingView
    1:1:void showFloatingView():81 -> showFloatingView
    2:2:void showFloatingView():81:81 -> showFloatingView
    3:3:android.view.WindowManager getWindowManager():0:0 -> showFloatingView
    3:3:void showFloatingView():82 -> showFloatingView
    4:4:android.view.View getWindowView():0:0 -> showFloatingView
    4:4:void showFloatingView():82 -> showFloatingView
    5:5:android.view.WindowManager$LayoutParams getMLayoutParams():0:0 -> showFloatingView
    5:5:void showFloatingView():82 -> showFloatingView
    6:6:void showFloatingView():82:82 -> showFloatingView
com.futuregame.sdk.FloatingView$mLayoutParams$2 -> com.futuregame.sdk.FloatingView$a:
    com.futuregame.sdk.FloatingView$mLayoutParams$2 INSTANCE -> a
    1:11:android.view.WindowManager$LayoutParams invoke():62:72 -> invoke
    1:11:java.lang.Object invoke():10 -> invoke
com.futuregame.sdk.FloatingView$windowManager$2 -> com.futuregame.sdk.FloatingView$b:
    android.app.Activity $activity -> a
    1:1:android.view.WindowManager invoke():12:12 -> invoke
    1:1:java.lang.Object invoke():10 -> invoke
com.futuregame.sdk.FloatingView$windowView$2 -> com.futuregame.sdk.FloatingView$c:
    com.futuregame.sdk.FloatingView this$0 -> a
    android.app.Activity $activity -> b
    1:43:android.view.View invoke():15:57 -> invoke
    1:43:java.lang.Object invoke():10 -> invoke
com.futuregame.sdk.FloatingView$windowView$2$$special$$inlined$apply$lambda$1 -> com.futuregame.sdk.FloatingView$windowView$2$$special$$inlined$apply$lambda$1:
    com.futuregame.sdk.FloatingView$windowView$2 this$0 -> d
    android.view.View $this_apply -> a
    kotlin.jvm.internal.Ref$FloatRef $lastTouchY -> c
    kotlin.jvm.internal.Ref$FloatRef $lastTouchX -> b
    1:1:void <init>(android.view.View,kotlin.jvm.internal.Ref$FloatRef,kotlin.jvm.internal.Ref$FloatRef,com.futuregame.sdk.FloatingView$windowView$2):20:20 -> <init>
    1:4:boolean onDown(android.view.MotionEvent):23:26 -> onDown
    1:13:boolean onScroll(android.view.MotionEvent,android.view.MotionEvent,float,float):36:48 -> onScroll
    1:2:boolean onSingleTapUp(android.view.MotionEvent):52:53 -> onSingleTapUp
com.futuregame.sdk.FloatingView$windowView$2$1$1 -> a:
    android.view.GestureDetector $mGestureDetector -> a
    1:1:boolean onTouch(android.view.View,android.view.MotionEvent):57:57 -> onTouch
com.futuregame.sdk.FutureGameActivity -> com.futuregame.sdk.FutureGameActivity:
    java.util.HashMap _$_findViewCache -> b
    kotlin.Lazy menuShowSpring$delegate -> a
    1:3:void <init>():11:13 -> <init>
    1:2:void onCreate(android.os.Bundle):34:35 -> onCreate
    3:15:void initStyle():48:60 -> onCreate
    3:15:void onCreate(android.os.Bundle):37 -> onCreate
    16:16:com.facebook.rebound.Spring getMenuShowSpring():0:0 -> onCreate
    16:16:void onCreate(android.os.Bundle):39 -> onCreate
    17:17:void onCreate(android.os.Bundle):39:39 -> onCreate
    1:1:com.facebook.rebound.Spring getMenuShowSpring():0:0 -> onDestroy
    1:1:void onDestroy():43 -> onDestroy
    2:3:void onDestroy():43:44 -> onDestroy
...
io.michaelrocks.paranoid.Deobfuscator$app$Release -> io.michaelrocks.paranoid.Deobfuscator$app$Release:
    java.lang.String[] chunks -> a